<?xml version="1.0" encoding="UTF-8"?>
<!-- Generated by org.testng.reporters.JUnitXMLReporter -->
<testsuite ignored="44" hostname="A2ML29097" failures="3" tests="12" name="Test" time="53.959" errors="0" timestamp="22 Nov 2018 11:19:44 GMT">
  <testcase classname="com.dotnetscripts.DisplayLoginPage" name="testDisplayLoginPage" time="0.423"/>
  <testcase classname="com.dotnetscripts.DisplayRegisterPage" name="testDisplayRegisterPage" time="5.267"/>
  <testcase classname="com.dotnetscripts.DisplayContactPage" name="testDisplayContactPage" time="5.263">
    <failure type="org.openqa.selenium.NoSuchElementException" message="no such element: Unable to locate element: {&amp;quot;method&amp;quot;:&amp;quot;xpath&amp;quot;,&amp;quot;selector&amp;quot;:&amp;quot;//p[text()=&amp;apos;© 2017 - My ASP.NET Application&amp;apos;]&amp;quot;}
  (Session info: chrome=70.0.3538.77)
  (Driver info: chromedriver=2.37.544315 (730aa6a5fdba159ac9f4c1e8cbc59bf1b5ce12b7),platform=Windows NT 10.0.16299 x86_64) (WARNING: The server did not provide any stacktrace information)
Command duration or timeout: 5.06 seconds
For documentation on this error, please visit: http://seleniumhq.org/exceptions/no_such_element.html
Build info: version: &amp;apos;2.53.1&amp;apos;, revision: &amp;apos;a36b8b1&amp;apos;, time: &amp;apos;2016-06-30 17:37:03&amp;apos;
System info: host: &amp;apos;A2ML29097&amp;apos;, ip: &amp;apos;10.52.12.36&amp;apos;, os.name: &amp;apos;Windows 10&amp;apos;, os.arch: &amp;apos;amd64&amp;apos;, os.version: &amp;apos;10.0&amp;apos;, java.version: &amp;apos;10.0.2&amp;apos;
Driver info: org.openqa.selenium.chrome.ChromeDriver
Capabilities [{applicationCacheEnabled=false, rotatable=false, mobileEmulationEnabled=false, networkConnectionEnabled=false, chrome={chromedriverVersion=2.37.544315 (730aa6a5fdba159ac9f4c1e8cbc59bf1b5ce12b7), userDataDir=C:\Users\M1048771\AppData\Local\Temp\scoped_dir14844_17655}, takesHeapSnapshot=true, pageLoadStrategy=normal, databaseEnabled=false, handlesAlerts=true, hasTouchScreen=false, version=70.0.3538.77, platform=XP, browserConnectionEnabled=false, nativeEvents=true, acceptSslCerts=false, acceptInsecureCerts=false, locationContextEnabled=true, webStorageEnabled=true, browserName=chrome, takesScreenshot=true, javascriptEnabled=true, cssSelectorsEnabled=true, setWindowRect=true, unexpectedAlertBehaviour=}]
Session ID: 8002b415566e121aa1df54790d179baa
*** Element info: {Using=xpath, value=//p[text()=&amp;apos;© 2017 - My ASP.NET Application&amp;apos;]}">
      <![CDATA[org.openqa.selenium.NoSuchElementException: no such element: Unable to locate element: {"method":"xpath","selector":"//p[text()='© 2017 - My ASP.NET Application']"}
  (Session info: chrome=70.0.3538.77)
  (Driver info: chromedriver=2.37.544315 (730aa6a5fdba159ac9f4c1e8cbc59bf1b5ce12b7),platform=Windows NT 10.0.16299 x86_64) (WARNING: The server did not provide any stacktrace information)
Command duration or timeout: 5.06 seconds
For documentation on this error, please visit: http://seleniumhq.org/exceptions/no_such_element.html
Build info: version: '2.53.1', revision: 'a36b8b1', time: '2016-06-30 17:37:03'
System info: host: 'A2ML29097', ip: '10.52.12.36', os.name: 'Windows 10', os.arch: 'amd64', os.version: '10.0', java.version: '10.0.2'
Driver info: org.openqa.selenium.chrome.ChromeDriver
Capabilities [{applicationCacheEnabled=false, rotatable=false, mobileEmulationEnabled=false, networkConnectionEnabled=false, chrome={chromedriverVersion=2.37.544315 (730aa6a5fdba159ac9f4c1e8cbc59bf1b5ce12b7), userDataDir=C:\Users\M1048771\AppData\Local\Temp\scoped_dir14844_17655}, takesHeapSnapshot=true, pageLoadStrategy=normal, databaseEnabled=false, handlesAlerts=true, hasTouchScreen=false, version=70.0.3538.77, platform=XP, browserConnectionEnabled=false, nativeEvents=true, acceptSslCerts=false, acceptInsecureCerts=false, locationContextEnabled=true, webStorageEnabled=true, browserName=chrome, takesScreenshot=true, javascriptEnabled=true, cssSelectorsEnabled=true, setWindowRect=true, unexpectedAlertBehaviour=}]
Session ID: 8002b415566e121aa1df54790d179baa
*** Element info: {Using=xpath, value=//p[text()='© 2017 - My ASP.NET Application']}
at org.openqa.selenium.remote.ErrorHandler.createThrowable(ErrorHandler.java:206)
at org.openqa.selenium.remote.ErrorHandler.throwIfResponseFailed(ErrorHandler.java:158)
at org.openqa.selenium.remote.RemoteWebDriver.execute(RemoteWebDriver.java:678)
at org.openqa.selenium.remote.RemoteWebDriver.findElement(RemoteWebDriver.java:363)
at org.openqa.selenium.remote.RemoteWebDriver.findElementByXPath(RemoteWebDriver.java:500)
at org.openqa.selenium.By$ByXPath.findElement(By.java:361)
at org.openqa.selenium.remote.RemoteWebDriver.findElement(RemoteWebDriver.java:355)
at com.dotnetscripts.DisplayContactPage.testDisplayContactPage(DisplayContactPage.java:21)
... Removed 29 stack frames]]>
    </failure>
  </testcase> <!-- testDisplayContactPage -->
  <testcase classname="com.dotnetscripts.DisplayAboutPage" name="testDisplayAboutPage" time="5.222"/>
  <testcase classname="com.dotnetscripts.DisplayLoginPage1" name="testDisplayLoginPage" time="0.267"/>
  <testcase classname="com.dotnetscripts.DisplayRegisterPage1" name="testDisplayRegisterPage" time="5.211"/>
  <testcase classname="com.dotnetscripts.DisplayContactPage1" name="testDisplayContactPage1" time="5.247">
    <failure type="org.openqa.selenium.NoSuchElementException" message="no such element: Unable to locate element: {&amp;quot;method&amp;quot;:&amp;quot;xpath&amp;quot;,&amp;quot;selector&amp;quot;:&amp;quot;//p[text()=&amp;apos;© 2017 - My ASP.NET Application&amp;apos;]&amp;quot;}
  (Session info: chrome=70.0.3538.77)
  (Driver info: chromedriver=2.37.544315 (730aa6a5fdba159ac9f4c1e8cbc59bf1b5ce12b7),platform=Windows NT 10.0.16299 x86_64) (WARNING: The server did not provide any stacktrace information)
Command duration or timeout: 5.05 seconds
For documentation on this error, please visit: http://seleniumhq.org/exceptions/no_such_element.html
Build info: version: &amp;apos;2.53.1&amp;apos;, revision: &amp;apos;a36b8b1&amp;apos;, time: &amp;apos;2016-06-30 17:37:03&amp;apos;
System info: host: &amp;apos;A2ML29097&amp;apos;, ip: &amp;apos;10.52.12.36&amp;apos;, os.name: &amp;apos;Windows 10&amp;apos;, os.arch: &amp;apos;amd64&amp;apos;, os.version: &amp;apos;10.0&amp;apos;, java.version: &amp;apos;10.0.2&amp;apos;
Driver info: org.openqa.selenium.chrome.ChromeDriver
Capabilities [{applicationCacheEnabled=false, rotatable=false, mobileEmulationEnabled=false, networkConnectionEnabled=false, chrome={chromedriverVersion=2.37.544315 (730aa6a5fdba159ac9f4c1e8cbc59bf1b5ce12b7), userDataDir=C:\Users\M1048771\AppData\Local\Temp\scoped_dir14844_17655}, takesHeapSnapshot=true, pageLoadStrategy=normal, databaseEnabled=false, handlesAlerts=true, hasTouchScreen=false, version=70.0.3538.77, platform=XP, browserConnectionEnabled=false, nativeEvents=true, acceptSslCerts=false, acceptInsecureCerts=false, locationContextEnabled=true, webStorageEnabled=true, browserName=chrome, takesScreenshot=true, javascriptEnabled=true, cssSelectorsEnabled=true, setWindowRect=true, unexpectedAlertBehaviour=}]
Session ID: 8002b415566e121aa1df54790d179baa
*** Element info: {Using=xpath, value=//p[text()=&amp;apos;© 2017 - My ASP.NET Application&amp;apos;]}">
      <![CDATA[org.openqa.selenium.NoSuchElementException: no such element: Unable to locate element: {"method":"xpath","selector":"//p[text()='© 2017 - My ASP.NET Application']"}
  (Session info: chrome=70.0.3538.77)
  (Driver info: chromedriver=2.37.544315 (730aa6a5fdba159ac9f4c1e8cbc59bf1b5ce12b7),platform=Windows NT 10.0.16299 x86_64) (WARNING: The server did not provide any stacktrace information)
Command duration or timeout: 5.05 seconds
For documentation on this error, please visit: http://seleniumhq.org/exceptions/no_such_element.html
Build info: version: '2.53.1', revision: 'a36b8b1', time: '2016-06-30 17:37:03'
System info: host: 'A2ML29097', ip: '10.52.12.36', os.name: 'Windows 10', os.arch: 'amd64', os.version: '10.0', java.version: '10.0.2'
Driver info: org.openqa.selenium.chrome.ChromeDriver
Capabilities [{applicationCacheEnabled=false, rotatable=false, mobileEmulationEnabled=false, networkConnectionEnabled=false, chrome={chromedriverVersion=2.37.544315 (730aa6a5fdba159ac9f4c1e8cbc59bf1b5ce12b7), userDataDir=C:\Users\M1048771\AppData\Local\Temp\scoped_dir14844_17655}, takesHeapSnapshot=true, pageLoadStrategy=normal, databaseEnabled=false, handlesAlerts=true, hasTouchScreen=false, version=70.0.3538.77, platform=XP, browserConnectionEnabled=false, nativeEvents=true, acceptSslCerts=false, acceptInsecureCerts=false, locationContextEnabled=true, webStorageEnabled=true, browserName=chrome, takesScreenshot=true, javascriptEnabled=true, cssSelectorsEnabled=true, setWindowRect=true, unexpectedAlertBehaviour=}]
Session ID: 8002b415566e121aa1df54790d179baa
*** Element info: {Using=xpath, value=//p[text()='© 2017 - My ASP.NET Application']}
at org.openqa.selenium.remote.ErrorHandler.createThrowable(ErrorHandler.java:206)
at org.openqa.selenium.remote.ErrorHandler.throwIfResponseFailed(ErrorHandler.java:158)
at org.openqa.selenium.remote.RemoteWebDriver.execute(RemoteWebDriver.java:678)
at org.openqa.selenium.remote.RemoteWebDriver.findElement(RemoteWebDriver.java:363)
at org.openqa.selenium.remote.RemoteWebDriver.findElementByXPath(RemoteWebDriver.java:500)
at org.openqa.selenium.By$ByXPath.findElement(By.java:361)
at org.openqa.selenium.remote.RemoteWebDriver.findElement(RemoteWebDriver.java:355)
at com.dotnetscripts.DisplayContactPage1.testDisplayContactPage1(DisplayContactPage1.java:21)
... Removed 29 stack frames]]>
    </failure>
  </testcase> <!-- testDisplayContactPage1 -->
  <testcase classname="com.dotnetscripts.DisplayAboutPage1" name="testDisplayAboutPage" time="5.218"/>
  <testcase classname="com.dotnetscripts.DisplayLoginPage2" name="testDisplayLoginPage" time="0.253"/>
  <testcase classname="com.dotnetscripts.DisplayRegisterPage2" name="testDisplayRegisterPage" time="5.246"/>
  <testcase classname="com.dotnetscripts.DisplayContactPage2" name="testDisplayContactPage1" time="5.223">
    <failure type="org.openqa.selenium.NoSuchElementException" message="no such element: Unable to locate element: {&amp;quot;method&amp;quot;:&amp;quot;xpath&amp;quot;,&amp;quot;selector&amp;quot;:&amp;quot;//p[text()=&amp;apos;© 2017 - My ASP.NET Application&amp;apos;]&amp;quot;}
  (Session info: chrome=70.0.3538.77)
  (Driver info: chromedriver=2.37.544315 (730aa6a5fdba159ac9f4c1e8cbc59bf1b5ce12b7),platform=Windows NT 10.0.16299 x86_64) (WARNING: The server did not provide any stacktrace information)
Command duration or timeout: 5.02 seconds
For documentation on this error, please visit: http://seleniumhq.org/exceptions/no_such_element.html
Build info: version: &amp;apos;2.53.1&amp;apos;, revision: &amp;apos;a36b8b1&amp;apos;, time: &amp;apos;2016-06-30 17:37:03&amp;apos;
System info: host: &amp;apos;A2ML29097&amp;apos;, ip: &amp;apos;10.52.12.36&amp;apos;, os.name: &amp;apos;Windows 10&amp;apos;, os.arch: &amp;apos;amd64&amp;apos;, os.version: &amp;apos;10.0&amp;apos;, java.version: &amp;apos;10.0.2&amp;apos;
Driver info: org.openqa.selenium.chrome.ChromeDriver
Capabilities [{applicationCacheEnabled=false, rotatable=false, mobileEmulationEnabled=false, networkConnectionEnabled=false, chrome={chromedriverVersion=2.37.544315 (730aa6a5fdba159ac9f4c1e8cbc59bf1b5ce12b7), userDataDir=C:\Users\M1048771\AppData\Local\Temp\scoped_dir14844_17655}, takesHeapSnapshot=true, pageLoadStrategy=normal, databaseEnabled=false, handlesAlerts=true, hasTouchScreen=false, version=70.0.3538.77, platform=XP, browserConnectionEnabled=false, nativeEvents=true, acceptSslCerts=false, acceptInsecureCerts=false, locationContextEnabled=true, webStorageEnabled=true, browserName=chrome, takesScreenshot=true, javascriptEnabled=true, cssSelectorsEnabled=true, setWindowRect=true, unexpectedAlertBehaviour=}]
Session ID: 8002b415566e121aa1df54790d179baa
*** Element info: {Using=xpath, value=//p[text()=&amp;apos;© 2017 - My ASP.NET Application&amp;apos;]}">
      <![CDATA[org.openqa.selenium.NoSuchElementException: no such element: Unable to locate element: {"method":"xpath","selector":"//p[text()='© 2017 - My ASP.NET Application']"}
  (Session info: chrome=70.0.3538.77)
  (Driver info: chromedriver=2.37.544315 (730aa6a5fdba159ac9f4c1e8cbc59bf1b5ce12b7),platform=Windows NT 10.0.16299 x86_64) (WARNING: The server did not provide any stacktrace information)
Command duration or timeout: 5.02 seconds
For documentation on this error, please visit: http://seleniumhq.org/exceptions/no_such_element.html
Build info: version: '2.53.1', revision: 'a36b8b1', time: '2016-06-30 17:37:03'
System info: host: 'A2ML29097', ip: '10.52.12.36', os.name: 'Windows 10', os.arch: 'amd64', os.version: '10.0', java.version: '10.0.2'
Driver info: org.openqa.selenium.chrome.ChromeDriver
Capabilities [{applicationCacheEnabled=false, rotatable=false, mobileEmulationEnabled=false, networkConnectionEnabled=false, chrome={chromedriverVersion=2.37.544315 (730aa6a5fdba159ac9f4c1e8cbc59bf1b5ce12b7), userDataDir=C:\Users\M1048771\AppData\Local\Temp\scoped_dir14844_17655}, takesHeapSnapshot=true, pageLoadStrategy=normal, databaseEnabled=false, handlesAlerts=true, hasTouchScreen=false, version=70.0.3538.77, platform=XP, browserConnectionEnabled=false, nativeEvents=true, acceptSslCerts=false, acceptInsecureCerts=false, locationContextEnabled=true, webStorageEnabled=true, browserName=chrome, takesScreenshot=true, javascriptEnabled=true, cssSelectorsEnabled=true, setWindowRect=true, unexpectedAlertBehaviour=}]
Session ID: 8002b415566e121aa1df54790d179baa
*** Element info: {Using=xpath, value=//p[text()='© 2017 - My ASP.NET Application']}
at org.openqa.selenium.remote.ErrorHandler.createThrowable(ErrorHandler.java:206)
at org.openqa.selenium.remote.ErrorHandler.throwIfResponseFailed(ErrorHandler.java:158)
at org.openqa.selenium.remote.RemoteWebDriver.execute(RemoteWebDriver.java:678)
at org.openqa.selenium.remote.RemoteWebDriver.findElement(RemoteWebDriver.java:363)
at org.openqa.selenium.remote.RemoteWebDriver.findElementByXPath(RemoteWebDriver.java:500)
at org.openqa.selenium.By$ByXPath.findElement(By.java:361)
at org.openqa.selenium.remote.RemoteWebDriver.findElement(RemoteWebDriver.java:355)
at com.dotnetscripts.DisplayContactPage2.testDisplayContactPage1(DisplayContactPage2.java:21)
... Removed 29 stack frames]]>
    </failure>
  </testcase> <!-- testDisplayContactPage1 -->
  <testcase classname="com.dotnetscripts.DisplayAboutPage2" name="testDisplayAboutPage" time="5.295"/>
  <testcase classname="com.canvashomepage.scripts.BaseTest" name="@AfterTest closeExcel" time="0.0">
    <ignored/>
  </testcase> <!-- @AfterTest closeExcel -->
  <testcase classname="com.canvashomepage.scripts.BaseTest" name="@AfterTest closeExcel" time="0.0">
    <ignored/>
  </testcase> <!-- @AfterTest closeExcel -->
  <testcase classname="com.canvashomepage.scripts.BaseTest" name="@AfterTest closeExcel" time="0.0">
    <ignored/>
  </testcase> <!-- @AfterTest closeExcel -->
  <testcase classname="com.canvashomepage.scripts.BaseTest" name="@AfterTest closeExcel" time="0.0">
    <ignored/>
  </testcase> <!-- @AfterTest closeExcel -->
  <testcase classname="com.canvashomepage.scripts.BaseTest" name="@AfterTest closeExcel" time="0.0">
    <ignored/>
  </testcase> <!-- @AfterTest closeExcel -->
  <testcase classname="com.canvashomepage.scripts.BaseTest" name="@AfterTest closeExcel" time="0.0">
    <ignored/>
  </testcase> <!-- @AfterTest closeExcel -->
  <testcase classname="com.canvashomepage.scripts.BaseTest" name="@AfterTest closeExcel" time="0.0">
    <ignored/>
  </testcase> <!-- @AfterTest closeExcel -->
  <testcase classname="com.canvashomepage.scripts.BaseTest" name="@AfterTest closeExcel" time="0.0">
    <ignored/>
  </testcase> <!-- @AfterTest closeExcel -->
  <testcase classname="com.canvashomepage.scripts.BaseTest" name="@AfterTest closeExcel" time="0.0">
    <ignored/>
  </testcase> <!-- @AfterTest closeExcel -->
  <testcase classname="com.canvashomepage.scripts.BaseTest" name="@AfterTest closeExcel" time="0.0">
    <ignored/>
  </testcase> <!-- @AfterTest closeExcel -->
  <testcase classname="com.canvashomepage.scripts.BaseTest" name="@AfterTest closeExcel" time="0.0">
    <ignored/>
  </testcase> <!-- @AfterTest closeExcel -->
  <testcase classname="com.canvashomepage.scripts.BaseTest" name="@BeforeTest openExcel" time="0.0">
    <ignored/>
  </testcase> <!-- @BeforeTest openExcel -->
  <testcase classname="com.canvashomepage.scripts.BaseTest" name="@BeforeTest openExcel" time="0.0">
    <ignored/>
  </testcase> <!-- @BeforeTest openExcel -->
  <testcase classname="com.canvashomepage.scripts.BaseTest" name="@BeforeTest openExcel" time="0.0">
    <ignored/>
  </testcase> <!-- @BeforeTest openExcel -->
  <testcase classname="com.canvashomepage.scripts.BaseTest" name="@BeforeTest openExcel" time="0.0">
    <ignored/>
  </testcase> <!-- @BeforeTest openExcel -->
  <testcase classname="com.canvashomepage.scripts.BaseTest" name="@BeforeTest openExcel" time="0.0">
    <ignored/>
  </testcase> <!-- @BeforeTest openExcel -->
  <testcase classname="com.canvashomepage.scripts.BaseTest" name="@BeforeTest openExcel" time="0.0">
    <ignored/>
  </testcase> <!-- @BeforeTest openExcel -->
  <testcase classname="com.canvashomepage.scripts.BaseTest" name="@BeforeTest openExcel" time="0.0">
    <ignored/>
  </testcase> <!-- @BeforeTest openExcel -->
  <testcase classname="com.canvashomepage.scripts.BaseTest" name="@BeforeTest openExcel" time="0.0">
    <ignored/>
  </testcase> <!-- @BeforeTest openExcel -->
  <testcase classname="com.canvashomepage.scripts.BaseTest" name="@BeforeTest openExcel" time="0.0">
    <ignored/>
  </testcase> <!-- @BeforeTest openExcel -->
  <testcase classname="com.canvashomepage.scripts.BaseTest" name="@BeforeTest openExcel" time="0.0">
    <ignored/>
  </testcase> <!-- @BeforeTest openExcel -->
  <testcase classname="com.canvashomepage.scripts.BaseTest" name="@BeforeTest openExcel" time="0.0">
    <ignored/>
  </testcase> <!-- @BeforeTest openExcel -->
  <testcase classname="com.canvashomepage.scripts.BaseTest" name="@BeforeTest preCondition" time="0.0">
    <ignored/>
  </testcase> <!-- @BeforeTest preCondition -->
  <testcase classname="com.canvashomepage.scripts.BaseTest" name="@BeforeTest preCondition" time="0.0">
    <ignored/>
  </testcase> <!-- @BeforeTest preCondition -->
  <testcase classname="com.canvashomepage.scripts.BaseTest" name="@BeforeTest preCondition" time="0.0">
    <ignored/>
  </testcase> <!-- @BeforeTest preCondition -->
  <testcase classname="com.canvashomepage.scripts.BaseTest" name="@BeforeTest preCondition" time="0.0">
    <ignored/>
  </testcase> <!-- @BeforeTest preCondition -->
  <testcase classname="com.canvashomepage.scripts.BaseTest" name="@BeforeTest preCondition" time="0.0">
    <ignored/>
  </testcase> <!-- @BeforeTest preCondition -->
  <testcase classname="com.canvashomepage.scripts.BaseTest" name="@BeforeTest preCondition" time="0.0">
    <ignored/>
  </testcase> <!-- @BeforeTest preCondition -->
  <testcase classname="com.canvashomepage.scripts.BaseTest" name="@BeforeTest preCondition" time="0.0">
    <ignored/>
  </testcase> <!-- @BeforeTest preCondition -->
  <testcase classname="com.canvashomepage.scripts.BaseTest" name="@AfterTest postCondition" time="0.0">
    <ignored/>
  </testcase> <!-- @AfterTest postCondition -->
  <testcase classname="com.canvashomepage.scripts.BaseTest" name="@AfterTest postCondition" time="0.0">
    <ignored/>
  </testcase> <!-- @AfterTest postCondition -->
  <testcase classname="com.canvashomepage.scripts.BaseTest" name="@AfterTest postCondition" time="0.0">
    <ignored/>
  </testcase> <!-- @AfterTest postCondition -->
  <testcase classname="com.canvashomepage.scripts.BaseTest" name="@AfterTest postCondition" time="0.0">
    <ignored/>
  </testcase> <!-- @AfterTest postCondition -->
  <testcase classname="com.canvashomepage.scripts.BaseTest" name="@AfterTest postCondition" time="0.0">
    <ignored/>
  </testcase> <!-- @AfterTest postCondition -->
  <testcase classname="com.canvashomepage.scripts.BaseTest" name="@AfterTest postCondition" time="0.0">
    <ignored/>
  </testcase> <!-- @AfterTest postCondition -->
  <testcase classname="com.canvashomepage.scripts.BaseTest" name="@AfterTest postCondition" time="0.0">
    <ignored/>
  </testcase> <!-- @AfterTest postCondition -->
  <testcase classname="com.canvashomepage.scripts.BaseTest" name="@AfterTest postCondition" time="0.0">
    <ignored/>
  </testcase> <!-- @AfterTest postCondition -->
  <testcase classname="com.canvashomepage.scripts.BaseTest" name="@AfterTest postCondition" time="0.0">
    <ignored/>
  </testcase> <!-- @AfterTest postCondition -->
  <testcase classname="com.canvashomepage.scripts.BaseTest" name="@AfterTest postCondition" time="0.0">
    <ignored/>
  </testcase> <!-- @AfterTest postCondition -->
  <testcase classname="com.canvashomepage.scripts.BaseTest" name="@AfterTest postCondition" time="0.0">
    <ignored/>
  </testcase> <!-- @AfterTest postCondition -->
  <testcase classname="com.canvashomepage.scripts.BaseTest" name="@BeforeTest preCondition" time="0.0">
    <ignored/>
  </testcase> <!-- @BeforeTest preCondition -->
  <testcase classname="com.canvashomepage.scripts.BaseTest" name="@BeforeTest preCondition" time="0.0">
    <ignored/>
  </testcase> <!-- @BeforeTest preCondition -->
  <testcase classname="com.canvashomepage.scripts.BaseTest" name="@BeforeTest preCondition" time="0.0">
    <ignored/>
  </testcase> <!-- @BeforeTest preCondition -->
  <testcase classname="com.canvashomepage.scripts.BaseTest" name="@BeforeTest preCondition" time="0.0">
    <ignored/>
  </testcase> <!-- @BeforeTest preCondition -->
</testsuite> <!-- Test -->
